Best matches for 'Never gonna give you up astley'
-------------------------------------------------
['He Got Game', 'Public Enemy,Stephen Stills', 60]
['Never Gonna Give You Up', 'Rick Astley', 58]
['She Wants To Dance With Me', 'Rick Astley', 28]
["Say You'll Stay Until Tomorrow", 'Roy Drusky', 23]
['It Would Take a Strong Strong Man', 'Rick Astley', 22]
["Don't Say Goodbye", 'Rick Astley', 17]
['The Love Has Gone', 'Rick Astley', 14]


Best match for 'Never gonna give you up astley'
-----------------------------------------------
['Never Gonna Give You Up', 'Rick Astley', 58]


Recommendations based on choice of  ['Never Gonna Give You Up', 'Rick Astley', 58]
----------------------------------------------------------------------------------
['Never Gonna Give You Up', 'Rick Astley', 58]
["I Won't Let The Sun Go Down On Me", 'Nik Kershaw', 61]
['Is This Love?', 'Alison Moyet', 51]
['Life In One Day', 'Howard Jones', 40]
['The Night You Murdered Love', 'ABC', 41]
['Steamy Windows', 'Tina Turner', 51]
['Johnny Come Home', 'Fine Young Cannibals', 57]
================================================================================


Best matches for 'be happy  mcferrin'
-------------------------------------
["Don't Worry Be Happy", 'Bobby McFerrin', 68]
["Don't Worry Be Happy", 'Bobby McFerrin', 68]
["Don't Worry Be Happy", 'Bobby McFerrin', 52]
["Medley: Please Please Please/You've Got The Power/I Found Someone - Live At The Apollo Theater, 1962", 'James Brown', 22]
["I'm Gonna Paper All My Walls With Your Love Letters", 'Dean Martin', 15]
["Medley: Please Please Please/You've Got The Power/I Found Someone - Live At The Apollo Theater, 1962", 'James Brown', 13]
['Keyboard Sonata No. 56 in D Major, Hob. XVI:42: II. Vivace assai', 'Franz Joseph Haydn,Glenn Gould', 7]


Best match for 'be happy  mcferrin'
-----------------------------------
["Don't Worry Be Happy", 'Bobby McFerrin', 68]


Recommendations based on choice of  ["Don't Worry Be Happy", 'Bobby McFerrin', 68]
----------------------------------------------------------------------------------
["Don't Worry Be Happy", 'Bobby McFerrin', 68]
["Don't Worry Be Happy", 'Bobby McFerrin', 68]
["Don't Worry Be Happy", 'Bobby McFerrin', 52]
['All My Tears', 'Ane Brun', 60]
['Keep On The Sunny Side', 'The Whites', 48]
['Eternally', 'Victor Wood', 44]
['Before the Next Teardrop Falls', 'Freddy Fender', 53]
================================================================================


Best matches for 'Fast Chapman'
-------------------------------
['Fast Car', 'Tracy Chapman', 79]
['Everything You Do', 'M2M', 49]
['專一的fuckboy', 'Takeem', 36]
['Perseverance', 'Terrorvision', 31]
['Podludyavash me', 'Azis', 27]
['Sunny Days (Mix Cut) - Club Mix', 'Armin van Buuren,Josh Cumbee', 18]
['Sunny Days (Mix Cut) - Club Mix', 'Armin van Buuren,Josh Cumbee', 1]


Best match for 'Fast Chapman'
-----------------------------
['Fast Car', 'Tracy Chapman', 79]


Recommendations based on choice of  ['Fast Car', 'Tracy Chapman', 79]
---------------------------------------------------------------------
['Fast Car', 'Tracy Chapman', 79]
['She\'s Like the Wind (feat. Wendy Fraser) - From "Dirty Dancing" Soundtrack', 'Patrick Swayze,Wendy Fraser', 65]
['I Love You Like An Alcoholic', 'The Taxpayers', 59]
["She's Like the Wind (feat. Wendy Fraser)", 'Patrick Swayze,Wendy Fraser', 66]
['Get You (feat. Kali Uchis)', 'Daniel Caesar,Kali Uchis', 81]
['Je ne sais pas (feat. Sfera Ebbasta)', 'Lous and The Yakuza,Sfera Ebbasta,Shablo', 71]
["You Say I'm in Love", 'Banes World', 67]
================================================================================


Best matches for 'Uptown Funk  Mars '
-------------------------------------
['Uptown Funk (feat. Bruno Mars)', 'Mark Ronson,Bruno Mars', 83]
['Young Girls', 'Bruno Mars', 69]
['Uptown Funk (feat. Bruno Mars) - Will Sparks Remix', 'Mark Ronson,Bruno Mars', 60]
['Uptown Funk (feat. Bruno Mars)', 'Mark Ronson,Bruno Mars', 42]
['Uptown Funk', 'Mark Ronson,Bruno Mars', 37]
['Young Girls', 'Bruno Mars', 36]
['Take It Uptown', 'Bill Champlin', 18]


Best match for 'Uptown Funk  Mars '
-----------------------------------
['Uptown Funk (feat. Bruno Mars)', 'Mark Ronson,Bruno Mars', 83]


Recommendations based on choice of  ['Uptown Funk (feat. Bruno Mars)', 'Mark Ronson,Bruno Mars', 83]
----------------------------------------------------------------------------------------------------
['Uptown Funk (feat. Bruno Mars)', 'Mark Ronson,Bruno Mars', 83]
["That's What I Like", 'Bruno Mars', 84]
['Hotel Room Service', 'Pitbull', 73]
['Your Song', 'Rita Ora', 68]
['Your Song', 'Rita Ora', 64]
['Matches', 'Britney Spears,Backstreet Boys', 66]
['Your Love Is My Drug', 'Kesha', 70]
================================================================================


Best matches for 'I'm yours Mraz'
---------------------------------
['Have It All', 'Jason Mraz', 67]
['Have It All', 'Jason Mraz', 57]
["I'm Yours - Live on HSN Live", 'Jason Mraz', 56]
['You and I Both', 'Jason Mraz', 56]
['Wordplay', 'Jason Mraz', 49]
['The Woman I Love', 'Jason Mraz', 49]
['Curbside Prophet', 'Jason Mraz', 46]


Best match for 'I'm yours Mraz'
-------------------------------
["I'm Yours - Live on HSN Live", 'Jason Mraz', 56]


Recommendations based on choice of  ["I'm Yours - Live on HSN Live", 'Jason Mraz', 56]
--------------------------------------------------------------------------------------
["I'm Yours - Live on HSN Live", 'Jason Mraz', 56]
['Short Jeans - Ao Vivo', 'Hugo Henrique,Jorge', 72]
['The Rain The Park And Other Things', 'The Cowsills', 52]
['Brindis - Live Version', 'Thalia', 46]
['Te Amo', 'Franco De Vita', 67]
["I'm Yours - Live at the Charter One Pavilion, Chicago, IL, 8/13/2009", 'Jason Mraz', 50]
['(Is This The Way To) Amarillo', 'Tony Christie', 48]
================================================================================


Best matches for 'Walk like an egyptian bangles'
------------------------------------------------
['Policy of Truth', 'Depeche Mode', 62]
['Egyptian Pools', 'Jinsang', 62]
['Walk Like an Egyptian', 'The Bangles', 61]
['Walk Like an Egyptian', 'The Bangles', 56]
['Walk Like an Egyptian', 'The Bangles', 45]
['Brilliant Corners', 'Thelonious Monk,Sonny Rollins,Ernie Henry', 26]
['Following', 'The Bangles', 25]


Best match for 'Walk like an egyptian bangles'
----------------------------------------------
['Walk Like an Egyptian', 'The Bangles', 61]


Recommendations based on choice of  ['Walk Like an Egyptian', 'The Bangles', 61]
--------------------------------------------------------------------------------
['Walk Like an Egyptian', 'The Bangles', 61]
['Walk Like an Egyptian', 'The Bangles', 56]
['Walk Like an Egyptian', 'The Bangles', 45]
['Shattered Dreams - Remastered', 'Johnny Hates Jazz', 61]
['Steamy Windows', 'Tina Turner', 51]
['Karma Chameleon - Remastered 2002', 'Culture Club', 75]
['Hot Water', 'Level 42', 42]
================================================================================


Best matches for 'Manic Monday'
-------------------------------
['Manic Monday', 'The Bangles', 62]
['Manic Monday', 'The Bangles', 60]
['Manic Monday', 'The Bangles', 54]
['Manic Monday', 'The Bangles', 54]
['Manic Monday', 'The Bangles', 54]
['Manic Monday', 'The Bangles', 48]
['Manic Monday', 'The Bangles', 45]


Best match for 'Manic Monday'
-----------------------------
['Manic Monday', 'The Bangles', 62]


Recommendations based on choice of  ['Manic Monday', 'The Bangles', 62]
-----------------------------------------------------------------------
['Manic Monday', 'The Bangles', 62]
['Manic Monday', 'The Bangles', 54]
['Manic Monday', 'The Bangles', 54]
['Manic Monday', 'The Bangles', 54]
['Manic Monday', 'The Bangles', 60]
['Manic Monday', 'The Bangles', 45]
['Manic Monday', 'The Bangles', 48]
================================================================================


Best matches for 'Last Christmas Wham'
--------------------------------------
['Last Christmas', 'Wham!', 65]
['Last Christmas - Remastered', 'Wham!', 59]
['If You Were There', 'Wham!', 41]
['Battlestations', 'Wham!', 36]
['Last Christmas - Pudding Mix', 'Wham!', 36]
['Last Christmas - Pudding Mix', 'Wham!', 31]
['Battlestations', 'Wham!', 28]


Best match for 'Last Christmas Wham'
------------------------------------
['Last Christmas', 'Wham!', 65]


Recommendations based on choice of  ['Last Christmas', 'Wham!', 65]
-------------------------------------------------------------------
['Last Christmas', 'Wham!', 65]
['Wake Me Up Before You Go-Go', 'Wham!', 56]
['Save It for Later', 'The Beat', 47]
['Never Ending Story', 'Limahl', 65]
['Chains of Love', 'Erasure', 47]
['Together In Electric Dreams', 'The Human League', 58]
['Heartbeat', 'Wham!', 43]
================================================================================


Best matches for 'Thriller Michael Jackson'
-------------------------------------------
['Thriller', 'Michael Jackson', 70]
['Thriller', 'Michael Jackson', 68]
['Thriller', 'Michael Jackson', 59]
['Thriller', 'Michael Jackson', 59]
['Thriller', 'Michael Jackson', 51]
['Thriller', 'Michael Jackson', 17]
['Thriller', 'Michael Jackson', 6]


Best match for 'Thriller Michael Jackson'
-----------------------------------------
['Thriller', 'Michael Jackson', 70]


Recommendations based on choice of  ['Thriller', 'Michael Jackson', 70]
-----------------------------------------------------------------------
['Thriller', 'Michael Jackson', 70]
['Thriller', 'Michael Jackson', 68]
['Thriller - 2003 Edit', 'Michael Jackson', 62]
['Thriller', 'Michael Jackson', 59]
['Thriller', 'Michael Jackson', 51]
['Thriller', 'Michael Jackson', 59]
['Say Something (Featuring Drake)', 'Timbaland,Drake', 57]
================================================================================


Best matches for 'Heart-Shaped Box Nirvana'
-------------------------------------------
['Heart-Shaped Box', 'Nirvana', 77]
['Heart-Shaped Box', 'Nirvana', 64]
['Heart-Shaped Box', 'Nirvana', 47]
['The Box - Part 2', 'Orbital', 43]
['Heart-Shaped Box', 'Nirvana', 40]
['Surrender Your Heart', 'Missing Persons', 30]
['Jubilation', 'Anything Box', 23]


Best match for 'Heart-Shaped Box Nirvana'
-----------------------------------------
['Heart-Shaped Box', 'Nirvana', 77]


Recommendations based on choice of  ['Heart-Shaped Box', 'Nirvana', 77]
-----------------------------------------------------------------------
['Heart-Shaped Box', 'Nirvana', 77]
['Heart-Shaped Box', 'Nirvana', 64]
['One', 'U2', 78]
['All I Want Is You', 'U2', 64]
['Half the World Away - Remastered', 'Oasis', 54]
['Kilby Girl', 'The Backseat Lovers', 74]
['Fall For You', 'Secondhand Serenade', 63]
================================================================================


Best matches for 'Cornet Chop Suey Louis Armstrong'
---------------------------------------------------
['Cornet Chop Suey', 'Louis Armstrong & His Hot Five', 5]
['Cornet Chop Suey - in Eb', 'Louis Armstrong & His Hot Five', 2]
['Cornet Chop Suey', 'Louis Armstrong & His Hot Five', 2]
['Cornet Chop Suey', 'Louis Armstrong & His Hot Five', 1]
['Cornet Chop Suey - in Eb', 'Louis Armstrong & His Hot Five', 1]
['Cornet Chop Suey', 'Louis Armstrong & His Hot Five', 0]
['Cornet Chop Suey', 'Louis Armstrong & His Hot Five', 0]


Best match for 'Cornet Chop Suey Louis Armstrong'
-------------------------------------------------
['Cornet Chop Suey', 'Louis Armstrong & His Hot Five', 5]


Recommendations based on choice of  ['Cornet Chop Suey', 'Louis Armstrong & His Hot Five', 5]
---------------------------------------------------------------------------------------------
['Cornet Chop Suey', 'Louis Armstrong & His Hot Five', 5]
['Cornet Chop Suey - in Eb', 'Louis Armstrong & His Hot Five', 1]
['Cornet Chop Suey - in Eb', 'Louis Armstrong & His Hot Five', 1]
['Cornet Chop Suey - in Eb', 'Louis Armstrong & His Hot Five', 2]
['Something to remember you by', 'Sam Lanin and His Orchestra,Sam Lanin', 0]
['The Moon Got in My Eyes - 2013 Remastered Version', 'Joe Roland', 7]
['Skip the Gutter', 'Louis Armstrong & His Hot Five', 11]
================================================================================


Best matches for 'Born in the USA Bruce Springsteen'
----------------------------------------------------
['Born in the U.S.A.', 'Bruce Springsteen', 76]
['Born to Run', 'Bruce Springsteen', 73]
['For You', 'Bruce Springsteen', 46]
['Youngstown', 'Bruce Springsteen', 42]
['Born to Run', 'Bruce Springsteen', 38]
['Born in the U.S.A.', 'Bruce Springsteen', 36]
["Kitty's Back", 'Bruce Springsteen', 35]


Best match for 'Born in the USA Bruce Springsteen'
--------------------------------------------------
['Born in the U.S.A.', 'Bruce Springsteen', 76]


Recommendations based on choice of  ['Born in the U.S.A.', 'Bruce Springsteen', 76]
-----------------------------------------------------------------------------------
['Born in the U.S.A.', 'Bruce Springsteen', 76]
['Born to Run', 'Bruce Springsteen', 73]
['Run To You', 'Bryan Adams', 68]
['Rosalita (Come Out Tonight)', 'Bruce Springsteen', 54]
['Night', 'Bruce Springsteen', 45]
['6th Avenue Heartache', 'The Wallflowers', 59]
["She's the One", 'Bruce Springsteen', 46]
================================================================================


Best matches for 'Living on a prayer Bon Jovi'
----------------------------------------------
['You Give Love A Bad Name', 'Bon Jovi', 81]
['In And Out Of Love', 'Bon Jovi', 48]
['Without Love', 'Bon Jovi', 45]
['Livin On A Prayer', 'Bon Jovi', 44]
['You Give Love A Bad Name', 'Bon Jovi', 41]
['You Give Love A Bad Name', 'Bon Jovi', 36]
['Come Back', 'Bon Jovi', 34]


Best match for 'Living on a prayer Bon Jovi'
--------------------------------------------
['Livin On A Prayer', 'Bon Jovi', 44]


Recommendations based on choice of  ['Livin On A Prayer', 'Bon Jovi', 44]
-------------------------------------------------------------------------
['Livin On A Prayer', 'Bon Jovi', 44]
["Livin' On A Prayer", 'Bon Jovi', 43]
['Secret Dreams', 'Bon Jovi', 29]
["Your Mama Don't Dance", 'Poison', 51]
['Come Back', 'Bon Jovi', 34]
['Little Bit Of Soul', 'Bon Jovi', 36]
['Ten Seconds To Love', 'Mötley Crüe', 54]
================================================================================


Best matches for 'Okay computer Radiohead'
------------------------------------------
['Talk Show Host', 'Radiohead', 57]
['Computer Eyes', 'Ayreon', 43]
['女孩 - 《放開那女孩 Free That Girl》 小巨蛋演唱會求愛主題曲', 'WeiBird', 42]
['Computer Age', 'Neil Young', 33]
['The Leaving Of Liverpool', 'The Clancy Brothers', 23]
['Lonesome Child: Song / Dance - Live at the Fillmore', 'Charles Lloyd Quartet', 1]
['Just One of Those Things', 'Lawrence Brown', 1]


Best match for 'Okay computer Radiohead'
----------------------------------------
['Talk Show Host', 'Radiohead', 57]


Recommendations based on choice of  ['Talk Show Host', 'Radiohead', 57]
-----------------------------------------------------------------------
['Talk Show Host', 'Radiohead', 57]
["Water's Edge", 'Seven Mary Three', 54]
['Wave(s)', 'Lewis Del Mar', 60]
['Baby Bitch', 'Ween', 44]
['Sheep Go To Heaven', 'Cake', 51]
['World Gone Mad', 'Bastille', 60]
['Infidelity (Only You)', 'Skunk Anansie', 35]
================================================================================


Best matches for 'Radiohead'
----------------------------
['Bodysnatchers', 'Radiohead', 61]
['There, There', 'Radiohead', 58]
['The Bends', 'Radiohead', 57]
['You', 'Radiohead', 54]
['How Do You?', 'Radiohead', 47]
["I Can't", 'Radiohead', 44]
['The Trickster', 'Radiohead', 36]


Best match for 'Radiohead'
--------------------------
['Bodysnatchers', 'Radiohead', 61]


Recommendations based on choice of  ['Bodysnatchers', 'Radiohead', 61]
----------------------------------------------------------------------
['Bodysnatchers', 'Radiohead', 61]
["You're Gonna Say Yeah", 'Hushpuppies', 51]
['Undercover Martyn', 'Two Door Cinema Club', 68]
['Undercover Martyn', 'Two Door Cinema Club', 66]
['Am I Ever Gonna See Your Face Again', 'The Angels', 60]
['Undercover Martyn', 'Two Door Cinema Club', 57]
['Leave Before The Lights Come On', 'Arctic Monkeys', 58]
================================================================================


Best matches for 'Smooth criminal Michael Jackson'
--------------------------------------------------
['Smooth Criminal - 2012 Remaster', 'Michael Jackson', 78]
['Give In to Me', 'Michael Jackson', 60]
['This Is It', 'Michael Jackson', 55]
['Smooth Criminal - 2012 Remaster', 'Michael Jackson', 53]
['Funky For You', 'Nice & Smooth', 35]
['Smooth Criminal', 'Michael Jackson', 35]
['Criminal on the Cross', 'Acappella', 26]


Best match for 'Smooth criminal Michael Jackson'
------------------------------------------------
['Smooth Criminal - 2012 Remaster', 'Michael Jackson', 78]


Recommendations based on choice of  ['Smooth Criminal - 2012 Remaster', 'Michael Jackson', 78]
----------------------------------------------------------------------------------------------
['Smooth Criminal - 2012 Remaster', 'Michael Jackson', 78]
['Smooth Criminal - 2012 Remaster', 'Michael Jackson', 53]
['The Way I Are', 'Timbaland,Keri Hilson,D.O.E.', 55]
['Baila Conmigo (feat. Kelly Ruiz)', 'Dayvi,Victor Cardenas,Kelly Ruíz', 76]
['How Do I Let a Good Man Down?', 'Sharon Jones & The Dap-Kings', 50]
["That's The Way Love Goes", 'Janet Jackson', 67]
['On My Mind', 'Diplo,SIDEPIECE', 71]
================================================================================


